D:\Visual Studio\MSBuild\Microsoft\VC\v160\Microsoft.CppBuild.targets(491,5): warning MSB8028: промежуточный каталог (Debug\) содержит файлы, которые используются совместно с другим проектом (Doudle jump.vcxproj).  Это может привести к ошибкам очистки и перестроения.
  Source.cpp
C:\Users\maxim\source\repos\Doudle jump\Doudle jump\Source.cpp(1,1): warning C4828: Файл содержит знак, начинающийся со смещения 0x572, который является недопустимым в текущей исходной кодировке (кодовая страница 65001).
C:\Users\maxim\source\repos\Doudle jump\Doudle jump\Source.cpp(1,1): warning C4828: Файл содержит знак, начинающийся со смещения 0x574, который является недопустимым в текущей исходной кодировке (кодовая страница 65001).
C:\Users\maxim\source\repos\Doudle jump\Doudle jump\Source.cpp(1,1): warning C4828: Файл содержит знак, начинающийся со смещения 0x575, который является недопустимым в текущей исходной кодировке (кодовая страница 65001).
C:\Users\maxim\source\repos\Doudle jump\Doudle jump\Source.cpp(1,1): warning C4828: Файл содержит знак, начинающийся со смещения 0x578, который является недопустимым в текущей исходной кодировке (кодовая страница 65001).
C:\Users\maxim\source\repos\Doudle jump\Doudle jump\Source.cpp(1,1): warning C4828: Файл содержит знак, начинающийся со смещения 0x57c, который является недопустимым в текущей исходной кодировке (кодовая страница 65001).
C:\Users\maxim\source\repos\Doudle jump\Doudle jump\Source.cpp(1,1): warning C4828: Файл содержит знак, начинающийся со смещения 0x57f, который является недопустимым в текущей исходной кодировке (кодовая страница 65001).
C:\Users\maxim\source\repos\Doudle jump\Doudle jump\Source.cpp(1,1): warning C4828: Файл содержит знак, начинающийся со смещения 0x583, который является недопустимым в текущей исходной кодировке (кодовая страница 65001).
C:\Users\maxim\source\repos\Doudle jump\Doudle jump\Source.cpp(1,1): warning C4828: Файл содержит знак, начинающийся со смещения 0x586, который является недопустимым в текущей исходной кодировке (кодовая страница 65001).
C:\Users\maxim\source\repos\Doudle jump\Doudle jump\Source.cpp(1,1): warning C4828: Файл содержит знак, начинающийся со смещения 0x589, который является недопустимым в текущей исходной кодировке (кодовая страница 65001).
C:\Users\maxim\source\repos\Doudle jump\Doudle jump\Source.cpp(1,1): warning C4828: Файл содержит знак, начинающийся со смещения 0x58d, который является недопустимым в текущей исходной кодировке (кодовая страница 65001).
C:\Users\maxim\source\repos\Doudle jump\Doudle jump\Source.cpp(1,1): warning C4828: Файл содержит знак, начинающийся со смещения 0x5e9, который является недопустимым в текущей исходной кодировке (кодовая страница 65001).
C:\Users\maxim\source\repos\Doudle jump\Doudle jump\Source.cpp(1,1): warning C4828: Файл содержит знак, начинающийся со смещения 0x5eb, который является недопустимым в текущей исходной кодировке (кодовая страница 65001).
C:\Users\maxim\source\repos\Doudle jump\Doudle jump\Source.cpp(1,1): warning C4828: Файл содержит знак, начинающийся со смещения 0x5ee, который является недопустимым в текущей исходной кодировке (кодовая страница 65001).
C:\Users\maxim\source\repos\Doudle jump\Doudle jump\Source.cpp(1,1): warning C4828: Файл содержит знак, начинающийся со смещения 0x930, который является недопустимым в текущей исходной кодировке (кодовая страница 65001).
C:\Users\maxim\source\repos\Doudle jump\Doudle jump\Source.cpp(1,1): warning C4828: Файл содержит знак, начинающийся со смещения 0x932, который является недопустимым в текущей исходной кодировке (кодовая страница 65001).
C:\Users\maxim\source\repos\Doudle jump\Doudle jump\Source.cpp(1,1): warning C4828: Файл содержит знак, начинающийся со смещения 0x935, который является недопустимым в текущей исходной кодировке (кодовая страница 65001).
C:\Users\maxim\source\repos\Doudle jump\Doudle jump\Source.cpp(1,1): warning C4828: Файл содержит знак, начинающийся со смещения 0x936, который является недопустимым в текущей исходной кодировке (кодовая страница 65001).
C:\Users\maxim\source\repos\Doudle jump\Doudle jump\Source.cpp(1,1): warning C4828: Файл содержит знак, начинающийся со смещения 0x939, который является недопустимым в текущей исходной кодировке (кодовая страница 65001).
C:\Users\maxim\source\repos\Doudle jump\Doudle jump\Source.cpp(1,1): warning C4828: Файл содержит знак, начинающийся со смещения 0x93c, который является недопустимым в текущей исходной кодировке (кодовая страница 65001).
C:\Users\maxim\source\repos\Doudle jump\Doudle jump\Source.cpp(1,1): warning C4828: Файл содержит знак, начинающийся со смещения 0x93f, который является недопустимым в текущей исходной кодировке (кодовая страница 65001).
C:\Users\maxim\source\repos\Doudle jump\Doudle jump\Source.cpp(1,1): warning C4828: Файл содержит знак, начинающийся со смещения 0xdcc, который является недопустимым в текущей исходной кодировке (кодовая страница 65001).
C:\Users\maxim\source\repos\Doudle jump\Doudle jump\Source.cpp(1,1): warning C4828: Файл содержит знак, начинающийся со смещения 0xdcf, который является недопустимым в текущей исходной кодировке (кодовая страница 65001).
C:\Users\maxim\source\repos\Doudle jump\Doudle jump\Source.cpp(1,1): warning C4828: Файл содержит знак, начинающийся со смещения 0xdd3, который является недопустимым в текущей исходной кодировке (кодовая страница 65001).
C:\Users\maxim\source\repos\Doudle jump\Doudle jump\Source.cpp(1,1): warning C4828: Файл содержит знак, начинающийся со смещения 0xdd6, который является недопустимым в текущей исходной кодировке (кодовая страница 65001).
C:\Users\maxim\source\repos\Doudle jump\Doudle jump\Source.cpp(1,1): warning C4828: Файл содержит знак, начинающийся со смещения 0xdd9, который является недопустимым в текущей исходной кодировке (кодовая страница 65001).
C:\Users\maxim\source\repos\Doudle jump\Doudle jump\Source.cpp(1,1): warning C4828: Файл содержит знак, начинающийся со смещения 0xddc, который является недопустимым в текущей исходной кодировке (кодовая страница 65001).
C:\Users\maxim\source\repos\Doudle jump\Doudle jump\Source.cpp(1,1): warning C4828: Файл содержит знак, начинающийся со смещения 0xde0, который является недопустимым в текущей исходной кодировке (кодовая страница 65001).
C:\Users\maxim\source\repos\Doudle jump\Doudle jump\Source.cpp(1,1): warning C4828: Файл содержит знак, начинающийся со смещения 0xde3, который является недопустимым в текущей исходной кодировке (кодовая страница 65001).
C:\Users\maxim\source\repos\Doudle jump\Doudle jump\Source.cpp(1,1): warning C4828: Файл содержит знак, начинающийся со смещения 0x1145, который является недопустимым в текущей исходной кодировке (кодовая страница 65001).
C:\Users\maxim\source\repos\Doudle jump\Doudle jump\Source.cpp(1,1): warning C4828: Файл содержит знак, начинающийся со смещения 0x1148, который является недопустимым в текущей исходной кодировке (кодовая страница 65001).
C:\Users\maxim\source\repos\Doudle jump\Doudle jump\Source.cpp(1,1): warning C4828: Файл содержит знак, начинающийся со смещения 0x114b, который является недопустимым в текущей исходной кодировке (кодовая страница 65001).
C:\Users\maxim\source\repos\Doudle jump\Doudle jump\Source.cpp(1,1): warning C4828: Файл содержит знак, начинающийся со смещения 0x114e, который является недопустимым в текущей исходной кодировке (кодовая страница 65001).
C:\Users\maxim\source\repos\Doudle jump\Doudle jump\Source.cpp(1,1): warning C4828: Файл содержит знак, начинающийся со смещения 0x1151, который является недопустимым в текущей исходной кодировке (кодовая страница 65001).
C:\Users\maxim\source\repos\Doudle jump\Doudle jump\Source.cpp(1,1): warning C4828: Файл содержит знак, начинающийся со смещения 0x1154, который является недопустимым в текущей исходной кодировке (кодовая страница 65001).
C:\Users\maxim\source\repos\Doudle jump\Doudle jump\Source.cpp(1,1): warning C4828: Файл содержит знак, начинающийся со смещения 0x1158, который является недопустимым в текущей исходной кодировке (кодовая страница 65001).
C:\Users\maxim\source\repos\Doudle jump\Doudle jump\Source.cpp(1,1): warning C4828: Файл содержит знак, начинающийся со смещения 0x115b, который является недопустимым в текущей исходной кодировке (кодовая страница 65001).
C:\Users\maxim\source\repos\Doudle jump\Doudle jump\Entity.h(16,28): warning C4244: return: преобразование "LONG" в "float", возможна потеря данных
C:\Users\maxim\source\repos\Doudle jump\Doudle jump\Entity.h(17,28): warning C4244: return: преобразование "LONG" в "float", возможна потеря данных
C:\Users\maxim\source\repos\Doudle jump\Doudle jump\Entity.h(22,35): warning C4244: =: преобразование "float" в "LONG", возможна потеря данных
C:\Users\maxim\source\repos\Doudle jump\Doudle jump\Entity.h(22,61): warning C4244: =: преобразование "float" в "LONG", возможна потеря данных
C:\Users\maxim\source\repos\Doudle jump\Doudle jump\Entity.h(23,34): warning C4244: =: преобразование "float" в "LONG", возможна потеря данных
C:\Users\maxim\source\repos\Doudle jump\Doudle jump\Entity.h(23,60): warning C4244: =: преобразование "float" в "LONG", возможна потеря данных
C:\Users\maxim\source\repos\Doudle jump\Doudle jump\Source.cpp(53,12): warning C4244: аргумент: преобразование "time_t" в "unsigned int", возможна потеря данных
C:\Users\maxim\source\repos\Doudle jump\Doudle jump\Source.cpp(137,21): warning C4018: <: несоответствие типов со знаком и без знака
C:\Users\maxim\source\repos\Doudle jump\Doudle jump\Source.cpp(147,21): warning C4018: <: несоответствие типов со знаком и без знака
C:\Users\maxim\source\repos\Doudle jump\Doudle jump\Source.cpp(151,21): warning C4018: <: несоответствие типов со знаком и без знака
C:\Users\maxim\source\repos\Doudle jump\Doudle jump\Source.cpp(246,39): warning C4244: аргумент: преобразование "int" в "float", возможна потеря данных
C:\Users\maxim\source\repos\Doudle jump\Doudle jump\Source.cpp(246,36): warning C4244: аргумент: преобразование "int" в "float", возможна потеря данных
C:\Users\maxim\source\repos\Doudle jump\Doudle jump\Source.cpp(274,36): warning C4244: +=: преобразование "float" в "unsigned long", возможна потеря данных
C:\Users\maxim\source\repos\Doudle jump\Doudle jump\Source.cpp(281,21): warning C4018: <: несоответствие типов со знаком и без знака
C:\Users\maxim\source\repos\Doudle jump\Doudle jump\Source.cpp(332,21): warning C4018: <: несоответствие типов со знаком и без знака
C:\Users\maxim\source\repos\Doudle jump\Doudle jump\Source.cpp(336,21): warning C4018: <: несоответствие типов со знаком и без знака
C:\Users\maxim\source\repos\Doudle jump\Doudle jump\Source.cpp(343,21): warning C4018: <: несоответствие типов со знаком и без знака
C:\Users\maxim\source\repos\Doudle jump\Doudle jump\Source.cpp(349,21): warning C4018: <: несоответствие типов со знаком и без знака
C:\Users\maxim\source\repos\Doudle jump\Doudle jump\Source.cpp(371,19): warning C4244: аргумент: преобразование "float" в "int", возможна потеря данных
C:\Users\maxim\source\repos\Doudle jump\Doudle jump\Source.cpp(380,22): warning C4018: <: несоответствие типов со знаком и без знака
C:\Users\maxim\source\repos\Doudle jump\Doudle jump\Source.cpp(387,41): warning C4244: аргумент: преобразование "int" в "float", возможна потеря данных
C:\Users\maxim\source\repos\Doudle jump\Doudle jump\Source.cpp(387,38): warning C4244: аргумент: преобразование "int" в "float", возможна потеря данных
C:\Users\maxim\source\repos\Doudle jump\Doudle jump\Source.cpp(389,13): warning C4244: =: преобразование "float" в "int", возможна потеря данных
C:\Users\maxim\source\repos\Doudle jump\Doudle jump\Source.cpp(393,13): warning C4244: =: преобразование "float" в "int", возможна потеря данных
C:\Users\maxim\source\repos\Doudle jump\Doudle jump\Source.cpp(409,9): warning C4244: инициализация: преобразование "float" в "int", возможна потеря данных
C:\Users\maxim\source\repos\Doudle jump\Doudle jump\Source.cpp(410,39): warning C4244: аргумент: преобразование "int" в "float", возможна потеря данных
C:\Users\maxim\source\repos\Doudle jump\Doudle jump\Source.cpp(410,36): warning C4244: аргумент: преобразование "int" в "float", возможна потеря данных
C:\Users\maxim\source\repos\Doudle jump\Doudle jump\Source.cpp(426,34): warning C4244: аргумент: преобразование "int" в "float", возможна потеря данных
C:\Users\maxim\source\repos\Doudle jump\Doudle jump\Source.cpp(426,31): warning C4244: аргумент: преобразование "int" в "float", возможна потеря данных
C:\Users\maxim\source\repos\Doudle jump\Doudle jump\Source.cpp(429,34): warning C4244: аргумент: преобразование "int" в "float", возможна потеря данных
C:\Users\maxim\source\repos\Doudle jump\Doudle jump\Source.cpp(429,31): warning C4244: аргумент: преобразование "int" в "float", возможна потеря данных
C:\Users\maxim\source\repos\Doudle jump\Doudle jump\Source.cpp(433,34): warning C4244: аргумент: преобразование "int" в "float", возможна потеря данных
C:\Users\maxim\source\repos\Doudle jump\Doudle jump\Source.cpp(433,31): warning C4244: аргумент: преобразование "int" в "float", возможна потеря данных
C:\Users\maxim\source\repos\Doudle jump\Doudle jump\Source.cpp(439,20): warning C4018: <: несоответствие типов со знаком и без знака
C:\Users\maxim\source\repos\Doudle jump\Doudle jump\Source.cpp(470,20): warning C4018: <: несоответствие типов со знаком и без знака
C:\Users\maxim\source\repos\Doudle jump\Doudle jump\Source.cpp(476,20): warning C4018: <: несоответствие типов со знаком и без знака
C:\Users\maxim\source\repos\Doudle jump\Doudle jump\Source.cpp(480,30): warning C4018: <: несоответствие типов со знаком и без знака
C:\Users\maxim\source\repos\Doudle jump\Doudle jump\Source.cpp(481,14): warning C4244: инициализация: преобразование "float" в "int", возможна потеря данных
C:\Users\maxim\source\repos\Doudle jump\Doudle jump\Source.cpp(482,30): warning C4018: <: несоответствие типов со знаком и без знака
C:\Users\maxim\source\repos\Doudle jump\Doudle jump\Source.cpp(484,17): warning C4244: инициализация: преобразование "float" в "int", возможна потеря данных
  Doudle jump.vcxproj -> C:\Users\maxim\source\repos\Doudle jump\Debug\Doodle_jump.exe
